This is pdfTeX, Version 3.14159265-2.6-1.40.20 (TeX Live 2019/W32TeX) (preloaded format=pdflatex 2020.3.15)  16 MAR 2020 09:21
entering extended mode
 restricted \write18 enabled.
 %&-line parsing enabled.
**thesis.tex
(./thesis.tex
LaTeX2e <2020-02-02> patch level 5
L3 programming layer <2020-02-25> (./reedthesis.cls
Document Class: reedthesis 2004/01/27 The Reed College Thesis Class
(c:/Users/mollymute/AppData/Roaming/TinyTeX/texmf-dist/tex/latex/base/book.cls
Document Class: book 2019/12/20 v1.4l Standard LaTeX document class
(c:/Users/mollymute/AppData/Roaming/TinyTeX/texmf-dist/tex/latex/base/bk12.clo
File: bk12.clo 2019/12/20 v1.4l Standard LaTeX file (size option)
)
\c@part=\count167
\c@chapter=\count168
\c@section=\count169
\c@subsection=\count170
\c@subsubsection=\count171
\c@paragraph=\count172
\c@subparagraph=\count173
\c@figure=\count174
\c@table=\count175
\abovecaptionskip=\skip47
\belowcaptionskip=\skip48
\bibindent=\dimen134
)
(c:/Users/mollymute/AppData/Roaming/TinyTeX/texmf-dist/tex/latex/fancyhdr/fancy
hdr.sty
Package: fancyhdr 2019/01/31 v3.10 Extensive control of page headers and footer
s
\f@nch@headwidth=\skip49
\f@nch@O@elh=\skip50
\f@nch@O@erh=\skip51
\f@nch@O@olh=\skip52
\f@nch@O@orh=\skip53
\f@nch@O@elf=\skip54
\f@nch@O@erf=\skip55
\f@nch@O@olf=\skip56
\f@nch@O@orf=\skip57
)
(c:/Users/mollymute/AppData/Roaming/TinyTeX/texmf-dist/tex/latex/fancyvrb/fancy
vrb.sty
Package: fancyvrb 2020/01/13 v3.5 verbatim text (tvz,hv)

(c:/Users/mollymute/AppData/Roaming/TinyTeX/texmf-dist/tex/latex/graphics/keyva
l.sty
Package: keyval 2014/10/28 v1.15 key=value parser (DPC)
\KV@toks@=\toks15
)
\FV@CodeLineNo=\count176
\FV@InFile=\read2
\FV@TabBox=\box45
\c@FancyVerbLine=\count177
\FV@StepNumber=\count178
\FV@OutFile=\write3
)
(c:/Users/mollymute/AppData/Roaming/TinyTeX/texmf-dist/tex/generic/iftex/ifxete
x.sty
Package: ifxetex 2019/10/25 v0.7 ifxetex legacy package. Use iftex instead.

(c:/Users/mollymute/AppData/Roaming/TinyTeX/texmf-dist/tex/generic/iftex/iftex.
sty
Package: iftex 2019/11/07 v1.0c TeX engine tests
))
(c:/Users/mollymute/AppData/Roaming/TinyTeX/texmf-dist/tex/generic/iftex/ifluat
ex.sty
Package: ifluatex 2019/10/25 v1.5 ifluatex legacy package. Use iftex instead.
)
(c:/Users/mollymute/AppData/Roaming/TinyTeX/texmf-dist/tex/latex/base/fixltx2e.
sty
Package: fixltx2e 2016/12/29 v2.1a fixes to LaTeX (obsolete)
Applying: [2015/01/01] Old fixltx2e package on input line 46.

Package fixltx2e Warning: fixltx2e is not required with releases after 2015
(fixltx2e)                All fixes are now in the LaTeX kernel.
(fixltx2e)                See the latexrelease package for details.

Already applied: [0000/00/00] Old fixltx2e package on input line 53.
)
(c:/Users/mollymute/AppData/Roaming/TinyTeX/texmf-dist/tex/latex/base/fontenc.s
ty
Package: fontenc 2020/02/11 v2.0o Standard LaTeX package
)
(c:/Users/mollymute/AppData/Roaming/TinyTeX/texmf-dist/tex/latex/base/inputenc.
sty
Package: inputenc 2018/08/11 v1.3c Input encoding file
\inpenc@prehook=\toks16
\inpenc@posthook=\toks17
)
(c:/Users/mollymute/AppData/Roaming/TinyTeX/texmf-dist/tex/latex/upquote/upquot
e.sty
Package: upquote 2012/04/19 v1.3 upright-quote and grave-accent glyphs in verba
tim

(c:/Users/mollymute/AppData/Roaming/TinyTeX/texmf-dist/tex/latex/base/textcomp.
sty
Package: textcomp 2020/02/02 v2.0n Standard LaTeX package
))
(c:/Users/mollymute/AppData/Roaming/TinyTeX/texmf-dist/tex/latex/graphics/color
.sty
Package: color 2019/11/23 v1.2a Standard LaTeX Color (DPC)

(c:/Users/mollymute/AppData/Roaming/TinyTeX/texmf-dist/tex/latex/graphics-cfg/c
olor.cfg
File: color.cfg 2016/01/02 v1.6 sample color configuration
)
Package color Info: Driver file: pdftex.def on input line 147.

(c:/Users/mollymute/AppData/Roaming/TinyTeX/texmf-dist/tex/latex/graphics-def/p
dftex.def
File: pdftex.def 2018/01/08 v1.0l Graphics/color driver for pdftex
))
(c:/Users/mollymute/AppData/Roaming/TinyTeX/texmf-dist/tex/latex/framed/framed.
sty
Package: framed 2011/10/22 v 0.96: framed or shaded text with page breaks
\OuterFrameSep=\skip58
\fb@frw=\dimen135
\fb@frh=\dimen136
\FrameRule=\dimen137
\FrameSep=\dimen138
))
(c:/Users/mollymute/AppData/Roaming/TinyTeX/texmf-dist/tex/latex/graphics/graph
icx.sty
Package: graphicx 2019/11/30 v1.2a Enhanced LaTeX Graphics (DPC,SPQR)

(c:/Users/mollymute/AppData/Roaming/TinyTeX/texmf-dist/tex/latex/graphics/graph
ics.sty
Package: graphics 2019/11/30 v1.4a Standard LaTeX Graphics (DPC,SPQR)

(c:/Users/mollymute/AppData/Roaming/TinyTeX/texmf-dist/tex/latex/graphics/trig.
sty
Package: trig 2016/01/03 v1.10 sin cos tan (DPC)
)
(c:/Users/mollymute/AppData/Roaming/TinyTeX/texmf-dist/tex/latex/graphics-cfg/g
raphics.cfg
File: graphics.cfg 2016/06/04 v1.11 sample graphics configuration
)
Package graphics Info: Driver file: pdftex.def on input line 105.
)
\Gin@req@height=\dimen139
\Gin@req@width=\dimen140
)
(c:/Users/mollymute/AppData/Roaming/TinyTeX/texmf-dist/tex/latex/base/latexsym.
sty
Package: latexsym 1998/08/17 v2.2e Standard LaTeX package (lasy symbols)
\symlasy=\mathgroup4
LaTeX Font Info:    Overwriting symbol font `lasy' in version `bold'
(Font)                  U/lasy/m/n --> U/lasy/b/n on input line 52.
)
(c:/Users/mollymute/AppData/Roaming/TinyTeX/texmf-dist/tex/latex/amsmath/amsmat
h.sty
Package: amsmath 2020/01/20 v2.17e AMS math features
\@mathmargin=\skip59
For additional information on amsmath, use the `?' option.

(c:/Users/mollymute/AppData/Roaming/TinyTeX/texmf-dist/tex/latex/amsmath/amstex
t.sty
Package: amstext 2000/06/29 v2.01 AMS text

(c:/Users/mollymute/AppData/Roaming/TinyTeX/texmf-dist/tex/latex/amsmath/amsgen
.sty
File: amsgen.sty 1999/11/30 v2.0 generic functions
\@emptytoks=\toks18
\ex@=\dimen141
))
(c:/Users/mollymute/AppData/Roaming/TinyTeX/texmf-dist/tex/latex/amsmath/amsbsy
.sty
Package: amsbsy 1999/11/29 v1.2d Bold Symbols
\pmbraise@=\dimen142
)
(c:/Users/mollymute/AppData/Roaming/TinyTeX/texmf-dist/tex/latex/amsmath/amsopn
.sty
Package: amsopn 2016/03/08 v2.02 operator names
)
\inf@bad=\count179
LaTeX Info: Redefining \frac on input line 227.
\uproot@=\count180
\leftroot@=\count181
LaTeX Info: Redefining \overline on input line 389.
\classnum@=\count182
\DOTSCASE@=\count183
LaTeX Info: Redefining \ldots on input line 486.
LaTeX Info: Redefining \dots on input line 489.
LaTeX Info: Redefining \cdots on input line 610.
\Mathstrutbox@=\box46
\strutbox@=\box47
\big@size=\dimen143
LaTeX Font Info:    Redeclaring font encoding OML on input line 733.
LaTeX Font Info:    Redeclaring font encoding OMS on input line 734.
\macc@depth=\count184
\c@MaxMatrixCols=\count185
\dotsspace@=\muskip16
\c@parentequation=\count186
\dspbrk@lvl=\count187
\tag@help=\toks19
\row@=\count188
\column@=\count189
\maxfields@=\count190
\andhelp@=\toks20
\eqnshift@=\dimen144
\alignsep@=\dimen145
\tagshift@=\dimen146
\tagwidth@=\dimen147
\totwidth@=\dimen148
\lineht@=\dimen149
\@envbody=\toks21
\multlinegap=\skip60
\multlinetaggap=\skip61
\mathdisplay@stack=\toks22
LaTeX Info: Redefining \[ on input line 2859.
LaTeX Info: Redefining \] on input line 2860.
)
(c:/Users/mollymute/AppData/Roaming/TinyTeX/texmf-dist/tex/latex/amsfonts/amssy
mb.sty
Package: amssymb 2013/01/14 v3.01 AMS font symbols

(c:/Users/mollymute/AppData/Roaming/TinyTeX/texmf-dist/tex/latex/amsfonts/amsfo
nts.sty
Package: amsfonts 2013/01/14 v3.01 Basic AMSFonts support
\symAMSa=\mathgroup5
\symAMSb=\mathgroup6
LaTeX Font Info:    Redeclaring math symbol \hbar on input line 98.
LaTeX Font Info:    Overwriting math alphabet `\mathfrak' in version `bold'
(Font)                  U/euf/m/n --> U/euf/b/n on input line 106.
))
(c:/Users/mollymute/AppData/Roaming/TinyTeX/texmf-dist/tex/latex/amscls/amsthm.
sty
Package: amsthm 2017/10/31 v2.20.4
\thm@style=\toks23
\thm@bodyfont=\toks24
\thm@headfont=\toks25
\thm@notefont=\toks26
\thm@headpunct=\toks27
\thm@preskip=\skip62
\thm@postskip=\skip63
\thm@headsep=\skip64
\dth@everypar=\toks28
)
(c:/Users/mollymute/AppData/Roaming/TinyTeX/texmf-dist/tex/latex/tools/longtabl
e.sty
Package: longtable 2020/01/07 v4.13 Multi-page Table package (DPC)
\LTleft=\skip65
\LTright=\skip66
\LTpre=\skip67
\LTpost=\skip68
\LTchunksize=\count191
\LTcapwidth=\dimen150
\LT@head=\box48
\LT@firsthead=\box49
\LT@foot=\box50
\LT@lastfoot=\box51
\LT@cols=\count192
\LT@rows=\count193
\c@LT@tables=\count194
\c@LT@chunks=\count195
\LT@p@ftn=\toks29
)
(c:/Users/mollymute/AppData/Roaming/TinyTeX/texmf-dist/tex/latex/booktabs/bookt
abs.sty
Package: booktabs 2020/01/12 v1.61803398 Publication quality tables
\heavyrulewidth=\dimen151
\lightrulewidth=\dimen152
\cmidrulewidth=\dimen153
\belowrulesep=\dimen154
\belowbottomsep=\dimen155
\aboverulesep=\dimen156
\abovetopsep=\dimen157
\cmidrulesep=\dimen158
\cmidrulekern=\dimen159
\defaultaddspace=\dimen160
\@cmidla=\count196
\@cmidlb=\count197
\@aboverulesep=\dimen161
\@belowrulesep=\dimen162
\@thisruleclass=\count198
\@lastruleclass=\count199
\@thisrulewidth=\dimen163
)
(c:/Users/mollymute/AppData/Roaming/TinyTeX/texmf-dist/tex/latex/setspace/setsp
ace.sty
Package: setspace 2011/12/19 v6.7a set line spacing
) (./chemarr.sty
Package: chemarr 2001/06/22 v1.1 Chemical reaction arrows (HO)
) (c:/Users/mollymute/AppData/Roaming/TinyTeX/texmf-dist/tex/latex/url/url.sty
\Urlmuskip=\muskip17
Package: url 2013/09/16  ver 3.4  Verb mode for urls, etc.
)
(c:/Users/mollymute/AppData/Roaming/TinyTeX/texmf-dist/tex/latex/hyperref/hyper
ref.sty
Package: hyperref 2020/01/14 v7.00d Hypertext links for LaTeX

(c:/Users/mollymute/AppData/Roaming/TinyTeX/texmf-dist/tex/generic/ltxcmds/ltxc
mds.sty
Package: ltxcmds 2019/12/15 v1.24 LaTeX kernel commands for general use (HO)
)
(c:/Users/mollymute/AppData/Roaming/TinyTeX/texmf-dist/tex/latex/pdftexcmds/pdf
texcmds.sty
Package: pdftexcmds 2019/11/24 v0.31 Utility functions of pdfTeX for LuaTeX (HO
)

(c:/Users/mollymute/AppData/Roaming/TinyTeX/texmf-dist/tex/generic/infwarerr/in
fwarerr.sty
Package: infwarerr 2019/12/03 v1.5 Providing info/warning/error messages (HO)
)
Package pdftexcmds Info: \pdf@primitive is available.
Package pdftexcmds Info: \pdf@ifprimitive is available.
Package pdftexcmds Info: \pdfdraftmode found.
)
(c:/Users/mollymute/AppData/Roaming/TinyTeX/texmf-dist/tex/generic/kvsetkeys/kv
setkeys.sty
Package: kvsetkeys 2019/12/15 v1.18 Key value parser (HO)
)
(c:/Users/mollymute/AppData/Roaming/TinyTeX/texmf-dist/tex/generic/kvdefinekeys
/kvdefinekeys.sty
Package: kvdefinekeys 2019-12-19 v1.6 Define keys (HO)
)
(c:/Users/mollymute/AppData/Roaming/TinyTeX/texmf-dist/tex/generic/pdfescape/pd
fescape.sty
Package: pdfescape 2019/12/09 v1.15 Implements pdfTeX's escape features (HO)
)
(c:/Users/mollymute/AppData/Roaming/TinyTeX/texmf-dist/tex/latex/hycolor/hycolo
r.sty
Package: hycolor 2020-01-27 v1.10 Color options for hyperref/bookmark (HO)
)
(c:/Users/mollymute/AppData/Roaming/TinyTeX/texmf-dist/tex/latex/letltxmacro/le
tltxmacro.sty
Package: letltxmacro 2019/12/03 v1.6 Let assignment for LaTeX macros (HO)
)
(c:/Users/mollymute/AppData/Roaming/TinyTeX/texmf-dist/tex/latex/auxhook/auxhoo
k.sty
Package: auxhook 2019-12-17 v1.6 Hooks for auxiliary files (HO)
)
(c:/Users/mollymute/AppData/Roaming/TinyTeX/texmf-dist/tex/latex/kvoptions/kvop
tions.sty
Package: kvoptions 2019/11/29 v3.13 Key value format for package options (HO)
)
\@linkdim=\dimen164
\Hy@linkcounter=\count266
\Hy@pagecounter=\count267

(c:/Users/mollymute/AppData/Roaming/TinyTeX/texmf-dist/tex/latex/hyperref/pd1en
c.def
File: pd1enc.def 2020/01/14 v7.00d Hyperref: PDFDocEncoding definition (HO)
Now handling font encoding PD1 ...
... no UTF-8 mapping file for font encoding PD1
)
(c:/Users/mollymute/AppData/Roaming/TinyTeX/texmf-dist/tex/generic/intcalc/intc
alc.sty
Package: intcalc 2019/12/15 v1.3 Expandable calculations with integers (HO)
)
(c:/Users/mollymute/AppData/Roaming/TinyTeX/texmf-dist/tex/generic/etexcmds/ete
xcmds.sty
Package: etexcmds 2019/12/15 v1.7 Avoid name clashes with e-TeX commands (HO)
)
\Hy@SavedSpaceFactor=\count268
\pdfmajorversion=\count269
Package hyperref Info: Hyper figures OFF on input line 4547.
Package hyperref Info: Link nesting OFF on input line 4552.
Package hyperref Info: Hyper index ON on input line 4555.
Package hyperref Info: Plain pages OFF on input line 4562.
Package hyperref Info: Backreferencing OFF on input line 4567.
Package hyperref Info: Implicit mode ON; LaTeX internals redefined.
Package hyperref Info: Bookmarks ON on input line 4800.
\c@Hy@tempcnt=\count270
LaTeX Info: Redefining \url on input line 5159.
\XeTeXLinkMargin=\dimen165

(c:/Users/mollymute/AppData/Roaming/TinyTeX/texmf-dist/tex/generic/bitset/bitse
t.sty
Package: bitset 2019/12/09 v1.3 Handle bit-vector datatype (HO)

(c:/Users/mollymute/AppData/Roaming/TinyTeX/texmf-dist/tex/generic/bigintcalc/b
igintcalc.sty
Package: bigintcalc 2019/12/15 v1.5 Expandable calculations on big integers (HO
)
))
\Fld@menulength=\count271
\Field@Width=\dimen166
\Fld@charsize=\dimen167
Package hyperref Info: Hyper figures OFF on input line 6430.
Package hyperref Info: Link nesting OFF on input line 6435.
Package hyperref Info: Hyper index ON on input line 6438.
Package hyperref Info: backreferencing OFF on input line 6445.
Package hyperref Info: Link coloring OFF on input line 6450.
Package hyperref Info: Link coloring with OCG OFF on input line 6455.
Package hyperref Info: PDF/A mode OFF on input line 6460.
LaTeX Info: Redefining \ref on input line 6500.
LaTeX Info: Redefining \pageref on input line 6504.

(c:/Users/mollymute/AppData/Roaming/TinyTeX/texmf-dist/tex/generic/atbegshi/atb
egshi.sty
Package: atbegshi 2019/12/05 v1.19 At begin shipout hook (HO)
)
\Hy@abspage=\count272
\c@Item=\count273
\c@Hfootnote=\count274
)
Package hyperref Info: Driver (autodetected): hpdftex.

(c:/Users/mollymute/AppData/Roaming/TinyTeX/texmf-dist/tex/latex/hyperref/hpdft
ex.def
File: hpdftex.def 2020/01/14 v7.00d Hyperref driver for pdfTeX

(c:/Users/mollymute/AppData/Roaming/TinyTeX/texmf-dist/tex/latex/atveryend/atve
ryend.sty
Package: atveryend 2019-12-11 v1.11 Hooks at the very end of document (HO)
Package atveryend Info: \enddocument detected (standard20110627).
)
\Fld@listcount=\count275
\c@bookmark@seq@number=\count276

(c:/Users/mollymute/AppData/Roaming/TinyTeX/texmf-dist/tex/latex/rerunfilecheck
/rerunfilecheck.sty
Package: rerunfilecheck 2019/12/05 v1.9 Rerun checks for auxiliary files (HO)

(c:/Users/mollymute/AppData/Roaming/TinyTeX/texmf-dist/tex/generic/uniquecounte
r/uniquecounter.sty
Package: uniquecounter 2019/12/15 v1.4 Provide unlimited unique counter (HO)
)
Package uniquecounter Info: New unique counter `rerunfilecheck' on input line 2
86.
)
\Hy@SectionHShift=\skip69
)
(c:/Users/mollymute/AppData/Roaming/TinyTeX/texmf-dist/tex/latex/lm/lmodern.sty
Package: lmodern 2009/10/30 v1.6 Latin Modern Fonts
LaTeX Font Info:    Overwriting symbol font `operators' in version `normal'
(Font)                  OT1/cmr/m/n --> OT1/lmr/m/n on input line 22.
LaTeX Font Info:    Overwriting symbol font `letters' in version `normal'
(Font)                  OML/cmm/m/it --> OML/lmm/m/it on input line 23.
LaTeX Font Info:    Overwriting symbol font `symbols' in version `normal'
(Font)                  OMS/cmsy/m/n --> OMS/lmsy/m/n on input line 24.
LaTeX Font Info:    Overwriting symbol font `largesymbols' in version `normal'
(Font)                  OMX/cmex/m/n --> OMX/lmex/m/n on input line 25.
LaTeX Font Info:    Overwriting symbol font `operators' in version `bold'
(Font)                  OT1/cmr/bx/n --> OT1/lmr/bx/n on input line 26.
LaTeX Font Info:    Overwriting symbol font `letters' in version `bold'
(Font)                  OML/cmm/b/it --> OML/lmm/b/it on input line 27.
LaTeX Font Info:    Overwriting symbol font `symbols' in version `bold'
(Font)                  OMS/cmsy/b/n --> OMS/lmsy/b/n on input line 28.
LaTeX Font Info:    Overwriting symbol font `largesymbols' in version `bold'
(Font)                  OMX/cmex/m/n --> OMX/lmex/m/n on input line 29.
LaTeX Font Info:    Overwriting math alphabet `\mathbf' in version `normal'
(Font)                  OT1/cmr/bx/n --> OT1/lmr/bx/n on input line 31.
LaTeX Font Info:    Overwriting math alphabet `\mathsf' in version `normal'
(Font)                  OT1/cmss/m/n --> OT1/lmss/m/n on input line 32.
LaTeX Font Info:    Overwriting math alphabet `\mathit' in version `normal'
(Font)                  OT1/cmr/m/it --> OT1/lmr/m/it on input line 33.
LaTeX Font Info:    Overwriting math alphabet `\mathtt' in version `normal'
(Font)                  OT1/cmtt/m/n --> OT1/lmtt/m/n on input line 34.
LaTeX Font Info:    Overwriting math alphabet `\mathbf' in version `bold'
(Font)                  OT1/cmr/bx/n --> OT1/lmr/bx/n on input line 35.
LaTeX Font Info:    Overwriting math alphabet `\mathsf' in version `bold'
(Font)                  OT1/cmss/bx/n --> OT1/lmss/bx/n on input line 36.
LaTeX Font Info:    Overwriting math alphabet `\mathit' in version `bold'
(Font)                  OT1/cmr/bx/it --> OT1/lmr/bx/it on input line 37.
LaTeX Font Info:    Overwriting math alphabet `\mathtt' in version `bold'
(Font)                  OT1/cmtt/m/n --> OT1/lmtt/m/n on input line 38.
)
(c:/Users/mollymute/AppData/Roaming/TinyTeX/texmf-dist/tex/latex/float/float.st
y
Package: float 2001/11/08 v1.3d Float enhancements (AL)
\c@float@type=\count277
\float@exts=\toks30
\float@box=\box52
\@float@everytoks=\toks31
\@floatcapt=\box53
)
(c:/Users/mollymute/AppData/Roaming/TinyTeX/texmf-dist/tex/latex/graphics/rotat
ing.sty
Package: rotating 2016/08/11 v2.16d rotated objects in LaTeX

(c:/Users/mollymute/AppData/Roaming/TinyTeX/texmf-dist/tex/latex/base/ifthen.st
y
Package: ifthen 2014/09/29 v1.1c Standard LaTeX ifthen package (DPC)
)
\c@r@tfl@t=\count278
\rotFPtop=\skip70
\rotFPbot=\skip71
\rot@float@box=\box54
\rot@mess@toks=\toks32
)
(c:/Users/mollymute/AppData/Roaming/TinyTeX/texmf-dist/tex/latex/caption/captio
n.sty
Package: caption 2020/01/03 v3.4h Customizing captions (AR)

(c:/Users/mollymute/AppData/Roaming/TinyTeX/texmf-dist/tex/latex/caption/captio
n3.sty
Package: caption3 2020/01/03 v1.8h caption3 kernel (AR)
Package caption3 Info: TeX engine: e-TeX on input line 61.
\captionmargin=\dimen168
\captionmargin@=\dimen169
\captionwidth=\dimen170
\caption@tempdima=\dimen171
\caption@indent=\dimen172
\caption@parindent=\dimen173
\caption@hangindent=\dimen174
Package caption Info: Standard document class detected.
)
\c@caption@flags=\count279
\c@continuedfloat=\count280
Package caption Info: float package is loaded.
Package caption Info: hyperref package is loaded.
Package caption Info: longtable package is loaded.

(c:/Users/mollymute/AppData/Roaming/TinyTeX/texmf-dist/tex/latex/caption/ltcapt
ion.sty
Package: ltcaption 2018/08/26 v1.4a longtable captions (AR)
)
Package caption Info: rotating package is loaded.
)
Package color Info: Redefining color shadecolor on input line 79.

(c:/Users/mollymute/AppData/Roaming/TinyTeX/texmf-dist/tex/latex/l3backend/l3ba
ckend-pdfmode.def
File: l3backend-pdfmode.def 2020-02-23 L3 backend support: PDF mode
\l__kernel_color_stack_int=\count281
\l__pdf_internal_box=\box55
) (./thesis.aux)
\openout1 = `thesis.aux'.

LaTeX Font Info:    Checking defaults for OML/cmm/m/it on input line 186.
LaTeX Font Info:    ... okay on input line 186.
LaTeX Font Info:    Checking defaults for OMS/cmsy/m/n on input line 186.
LaTeX Font Info:    ... okay on input line 186.
LaTeX Font Info:    Checking defaults for OT1/cmr/m/n on input line 186.
LaTeX Font Info:    ... okay on input line 186.
LaTeX Font Info:    Checking defaults for T1/cmr/m/n on input line 186.
LaTeX Font Info:    ... okay on input line 186.
LaTeX Font Info:    Checking defaults for TS1/cmr/m/n on input line 186.
LaTeX Font Info:    ... okay on input line 186.
LaTeX Font Info:    Checking defaults for OMX/cmex/m/n on input line 186.
LaTeX Font Info:    ... okay on input line 186.
LaTeX Font Info:    Checking defaults for U/cmr/m/n on input line 186.
LaTeX Font Info:    ... okay on input line 186.
LaTeX Font Info:    Checking defaults for PD1/pdf/m/n on input line 186.
LaTeX Font Info:    ... okay on input line 186.
LaTeX Font Info:    Trying to load font information for T1+lmr on input line 18
6.
(c:/Users/mollymute/AppData/Roaming/TinyTeX/texmf-dist/tex/latex/lm/t1lmr.fd
File: t1lmr.fd 2009/10/30 v1.6 Font defs for Latin Modern
)
(c:/Users/mollymute/AppData/Roaming/TinyTeX/texmf-dist/tex/latex/epstopdf-pkg/e
pstopdf-base.sty
Package: epstopdf-base 2020-01-24 v2.11 Base part for package epstopdf
Package epstopdf-base Info: Redefining graphics rule for `.eps' on input line 4
85.

(c:/Users/mollymute/AppData/Roaming/TinyTeX/texmf-dist/tex/latex/latexconfig/ep
stopdf-sys.cfg
File: epstopdf-sys.cfg 2010/07/13 v1.3 Configuration of (r)epstopdf for TeX Liv
e
))
\AtBeginShipoutBox=\box56
Package hyperref Info: Link coloring OFF on input line 186.

(c:/Users/mollymute/AppData/Roaming/TinyTeX/texmf-dist/tex/latex/hyperref/namer
ef.sty
Package: nameref 2019/09/16 v2.46 Cross-referencing by name of section

(c:/Users/mollymute/AppData/Roaming/TinyTeX/texmf-dist/tex/latex/refcount/refco
unt.sty
Package: refcount 2019/12/15 v3.6 Data extraction from label references (HO)
)
(c:/Users/mollymute/AppData/Roaming/TinyTeX/texmf-dist/tex/generic/gettitlestri
ng/gettitlestring.sty
Package: gettitlestring 2019/12/15 v1.6 Cleanup title references (HO)
)
\c@section@level=\count282
)
LaTeX Info: Redefining \ref on input line 186.
LaTeX Info: Redefining \pageref on input line 186.
LaTeX Info: Redefining \nameref on input line 186.
(./thesis.out) (./thesis.out)
\@outlinefile=\write4
\openout4 = `thesis.out'.

Package caption Info: Begin \AtBeginDocument code.
Package caption Info: End \AtBeginDocument code.
LaTeX Font Info:    Trying to load font information for OT1+lmr on input line 1
90.
(c:/Users/mollymute/AppData/Roaming/TinyTeX/texmf-dist/tex/latex/lm/ot1lmr.fd
File: ot1lmr.fd 2009/10/30 v1.6 Font defs for Latin Modern
)
LaTeX Font Info:    Trying to load font information for OML+lmm on input line 1
90.
(c:/Users/mollymute/AppData/Roaming/TinyTeX/texmf-dist/tex/latex/lm/omllmm.fd
File: omllmm.fd 2009/10/30 v1.6 Font defs for Latin Modern
)
LaTeX Font Info:    Trying to load font information for OMS+lmsy on input line 
190.
(c:/Users/mollymute/AppData/Roaming/TinyTeX/texmf-dist/tex/latex/lm/omslmsy.fd
File: omslmsy.fd 2009/10/30 v1.6 Font defs for Latin Modern
)
LaTeX Font Info:    Trying to load font information for OMX+lmex on input line 
190.
(c:/Users/mollymute/AppData/Roaming/TinyTeX/texmf-dist/tex/latex/lm/omxlmex.fd
File: omxlmex.fd 2009/10/30 v1.6 Font defs for Latin Modern
)
LaTeX Font Info:    External font `lmex10' loaded for size
(Font)              <12> on input line 190.
LaTeX Font Info:    External font `lmex10' loaded for size
(Font)              <8> on input line 190.
LaTeX Font Info:    External font `lmex10' loaded for size
(Font)              <6> on input line 190.
LaTeX Font Info:    Trying to load font information for U+lasy on input line 19
0.
(c:/Users/mollymute/AppData/Roaming/TinyTeX/texmf-dist/tex/latex/base/ulasy.fd
File: ulasy.fd 1998/08/17 v2.2e LaTeX symbol font definitions
)
LaTeX Font Info:    Trying to load font information for U+msa on input line 190
.

(c:/Users/mollymute/AppData/Roaming/TinyTeX/texmf-dist/tex/latex/amsfonts/umsa.
fd
File: umsa.fd 2013/01/14 v3.01 AMS symbols A
)
LaTeX Font Info:    Trying to load font information for U+msb on input line 190
.

(c:/Users/mollymute/AppData/Roaming/TinyTeX/texmf-dist/tex/latex/amsfonts/umsb.
fd
File: umsb.fd 2013/01/14 v3.01 AMS symbols B
) [1
Non-PDF special ignored!
<special> !% Reed College LaTeX Thesis Class 2001/12/04 SN
Non-PDF special ignored!
<special> rawpostscript % Reed College LaTeX Thesis Class 2001/12/04 SN


{c:/Users/mollymute/AppData/Roaming/TinyTeX/texmf-var/fonts/map/pdftex/updmap/p
dftex.map}] [2

] [3] [4

] [1


] [2


] [3] [4


] (./thesis.toc [5])
\tf@toc=\write5
\openout5 = `thesis.toc'.

[6] (./thesis.lot)
\tf@lot=\write6
\openout6 = `thesis.lot'.

[7

] [8

] (./thesis.lof)
\tf@lof=\write7
\openout7 = `thesis.lof'.

[9] [10

] [11] [12


] [13] [14


]pdfTeX warning (ext4): destination with the same identifier (name{page.1}) has
 been already used, duplicate ignored
<to be read again> 
                   \relax 
l.225 ...pter{Introduction}\label{introduction-1}}
                                                   [1

]pdfTeX warning (ext4): destination with the same identifier (name{page.2}) has
 been already used, duplicate ignored
<to be read again> 
                   \relax 
l.225 ...pter{Introduction}\label{introduction-1}}
                                                   [2

]
Chapter 1.
LaTeX Font Info:    External font `lmex10' loaded for size
(Font)              <10> on input line 227.
LaTeX Font Info:    External font `lmex10' loaded for size
(Font)              <7> on input line 227.
LaTeX Font Info:    External font `lmex10' loaded for size
(Font)              <5> on input line 227.
pdfTeX warning (ext4): destination with the same identifier (name{page.3}) has 
been already used, duplicate ignored
<to be read again> 
                   \relax 
l.232 \chapter{Rationality}\label{rationality}}
                                                [3]pdfTeX warning (ext4): desti
nation with the same identifier (name{page.4}) has been already used, duplicate
 ignored
<to be read again> 
                   \relax 
l.232 \chapter{Rationality}\label{rationality}}
                                                [4

]
Chapter 2.
[5]

Package Fancyhdr Warning: \headheight is too small (12.0pt): 
Make it at least 14.49998pt.
We now make it that large for the rest of the document.
This may cause the page layout to be inconsistent, however.

[6]
Chapter 3.
[7

] [8] [9]
LaTeX Font Info:    Trying to load font information for T1+lmtt on input line 2
82.
(c:/Users/mollymute/AppData/Roaming/TinyTeX/texmf-dist/tex/latex/lm/t1lmtt.fd
File: t1lmtt.fd 2009/10/30 v1.6 Font defs for Latin Modern
) [10]
Underfull \vbox (badness 10000) has occurred while \output is active []

[11] [12] [13] [14]
Chapter 4.
LaTeX Font Info:    Font shape `T1/lmtt/bx/n' in size <12> not available
(Font)              Font shape `T1/lmtt/b/n' tried instead on input line 350.
LaTeX Font Info:    Trying to load font information for TS1+lmtt on input line 
362.
(c:/Users/mollymute/AppData/Roaming/TinyTeX/texmf-dist/tex/latex/lm/ts1lmtt.fd
File: ts1lmtt.fd 2009/10/30 v1.6 Font defs for Latin Modern
) [15

] [16] [17] [18

]
Chapter 5.
[19] [20]
Chapter 6.

Overfull \hbox (200.62799pt too wide) in paragraph at lines 507--514
[][] 
 []


Overfull \hbox (136.6882pt too wide) in paragraph at lines 521--553
[][]
 []


Underfull \vbox (badness 10000) has occurred while \output is active []

[21

]
Overfull \hbox (119.06339pt too wide) in paragraph at lines 578--610
[]
 []


Underfull \vbox (badness 10000) has occurred while \output is active []

[22] [23]
Overfull \hbox (57.71274pt too wide) in paragraph at lines 639--672
[] 
 []


Overfull \hbox (57.71274pt too wide) in paragraph at lines 684--717
[] 
 []

[24]
Overfull \hbox (179.61386pt too wide) in paragraph at lines 734--768
[]
 []

[25] [26

] [27] [28

]
Appendix A.

LaTeX Warning: Reference `ref-labels' on page 29 undefined on input line 797.

[29] [30]
Appendix B.
[31

] [32

]
Package atveryend Info: Empty hook `BeforeClearDocument' on input line 850.
[33

]
Package atveryend Info: Empty hook `AfterLastShipout' on input line 850.
(./thesis.aux)
Package atveryend Info: Executing hook `AtVeryEndDocument' on input line 850.
Package atveryend Info: Executing hook `AtEndAfterFileList' on input line 850.
Package rerunfilecheck Info: File `thesis.out' has not changed.
(rerunfilecheck)             Checksum: 9FBDA2FF4E15B6B7571CA30B3EEEB3BE;1965.

LaTeX Warning: There were undefined references.

Package atveryend Info: Empty hook `AtVeryVeryEnd' on input line 850.
 ) 
Here is how much of TeX's memory you used:
 9006 strings out of 482913
 140125 string characters out of 5957308
 549247 words of memory out of 5000000
 23821 multiletter control sequences out of 15000+600000
 596872 words of font info for 79 fonts, out of 8000000 for 9000
 14 hyphenation exceptions out of 8191
 41i,11n,49p,24678b,490s stack positions out of 5000i,500n,10000p,200000b,80000s
{c:/Users/mollymute/AppData/Roaming/TinyTeX/texmf-dist/fonts/enc/dvips/lm/lm-
ts1.enc}{c:/Users/mollymute/AppData/Roaming/TinyTeX/texmf-dist/fonts/enc/dvips/
lm/lm-ec.enc}<c:/Users/mollymute/AppData/Roaming/TinyTeX/texmf-dist/fonts/type1
/public/lm/lmbx10.pfb><c:/Users/mollymute/AppData/Roaming/TinyTeX/texmf-dist/fo
nts/type1/public/lm/lmbx12.pfb><c:/Users/mollymute/AppData/Roaming/TinyTeX/texm
f-dist/fonts/type1/public/lm/lmr10.pfb><c:/Users/mollymute/AppData/Roaming/Tiny
TeX/texmf-dist/fonts/type1/public/lm/lmr12.pfb><c:/Users/mollymute/AppData/Roam
ing/TinyTeX/texmf-dist/fonts/type1/public/lm/lmr7.pfb><c:/Users/mollymute/AppDa
ta/Roaming/TinyTeX/texmf-dist/fonts/type1/public/lm/lmr8.pfb><c:/Users/mollymut
e/AppData/Roaming/TinyTeX/texmf-dist/fonts/type1/public/lm/lmri12.pfb><c:/Users
/mollymute/AppData/Roaming/TinyTeX/texmf-dist/fonts/type1/public/lm/lmro12.pfb>
<c:/Users/mollymute/AppData/Roaming/TinyTeX/texmf-dist/fonts/type1/public/lm/lm
tk10.pfb><c:/Users/mollymute/AppData/Roaming/TinyTeX/texmf-dist/fonts/type1/pub
lic/lm/lmtt12.pfb><c:/Users/mollymute/AppData/Roaming/TinyTeX/texmf-dist/fonts/
type1/public/lm/lmtti10.pfb>
Output written on thesis.pdf (51 pages, 356598 bytes).
PDF statistics:
 696 PDF objects out of 1000 (max. 8388607)
 625 compressed objects within 7 object streams
 214 named destinations out of 1000 (max. 500000)
 233 words of extra memory for PDF output out of 10000 (max. 10000000)

